Determining if the pthread_create exist failed with the following output:
Change Dir: /home/kali/kaka/slambook/ch6/ceres_curve_fitting/build/CMakeFiles/CMakeTmp

Run Build Command:"/usr/bin/make" "cmTC_cf21b/fast"
/usr/bin/make -f CMakeFiles/cmTC_cf21b.dir/build.make CMakeFiles/cmTC_cf21b.dir/build
make[1]: Entering directory '/home/kali/kaka/slambook/ch6/ceres_curve_fitting/build/CMakeFiles/CMakeTmp'
Building C object CMakeFiles/cmTC_cf21b.dir/CheckSymbolExists.c.o
/usr/bin/cc     -o CMakeFiles/cmTC_cf21b.dir/CheckSymbolExists.c.o   -c /home/kali/kaka/slambook/ch6/ceres_curve_fitting/build/CMakeFiles/CMakeTmp/CheckSymbolExists.c
Linking C executable cmTC_cf21b
/usr/bin/cmake -E cmake_link_script CMakeFiles/cmTC_cf21b.dir/link.txt --verbose=1
/usr/bin/cc       CMakeFiles/cmTC_cf21b.dir/CheckSymbolExists.c.o  -o cmTC_cf21b -rdynamic 
CMakeFiles/cmTC_cf21b.dir/CheckSymbolExists.c.o: In function `main':
CheckSymbolExists.c:(.text+0x16): undefined reference to `pthread_create'
collect2: error: ld returned 1 exit status
CMakeFiles/cmTC_cf21b.dir/build.make:97: recipe for target 'cmTC_cf21b' failed
make[1]: *** [cmTC_cf21b] Error 1
make[1]: Leaving directory '/home/kali/kaka/slambook/ch6/ceres_curve_fitting/build/CMakeFiles/CMakeTmp'
Makefile:126: recipe for target 'cmTC_cf21b/fast' failed
make: *** [cmTC_cf21b/fast] Error 2

File /home/kali/kaka/slambook/ch6/ceres_curve_fitting/build/CMakeFiles/CMakeTmp/CheckSymbolExists.c:
/* */
#include <pthread.h>

int main(int argc, char** argv)
{
  (void)argv;
#ifndef pthread_create
  return ((int*)(&pthread_create))[argc];
#else
  (void)argc;
  return 0;
#endif
}

Determining if the function pthread_create exists in the pthreads failed with the following output:
Change Dir: /home/kali/kaka/slambook/ch6/ceres_curve_fitting/build/CMakeFiles/CMakeTmp

Run Build Command:"/usr/bin/make" "cmTC_42bd3/fast"
/usr/bin/make -f CMakeFiles/cmTC_42bd3.dir/build.make CMakeFiles/cmTC_42bd3.dir/build
make[1]: Entering directory '/home/kali/kaka/slambook/ch6/ceres_curve_fitting/build/CMakeFiles/CMakeTmp'
Building C object CMakeFiles/cmTC_42bd3.dir/CheckFunctionExists.c.o
/usr/bin/cc    -DCHECK_FUNCTION_EXISTS=pthread_create   -o CMakeFiles/cmTC_42bd3.dir/CheckFunctionExists.c.o   -c /usr/share/cmake-3.5/Modules/CheckFunctionExists.c
Linking C executable cmTC_42bd3
/usr/bin/cmake -E cmake_link_script CMakeFiles/cmTC_42bd3.dir/link.txt --verbose=1
/usr/bin/cc   -DCHECK_FUNCTION_EXISTS=pthread_create    CMakeFiles/cmTC_42bd3.dir/CheckFunctionExists.c.o  -o cmTC_42bd3 -rdynamic -lpthreads 
/usr/bin/ld: cannot find -lpthreads
collect2: error: ld returned 1 exit status
CMakeFiles/cmTC_42bd3.dir/build.make:97: recipe for target 'cmTC_42bd3' failed
make[1]: *** [cmTC_42bd3] Error 1
make[1]: Leaving directory '/home/kali/kaka/slambook/ch6/ceres_curve_fitting/build/CMakeFiles/CMakeTmp'
Makefile:126: recipe for target 'cmTC_42bd3/fast' failed
make: *** [cmTC_42bd3/fast] Error 2


